<?xml version="1.0" encoding="UTF-8"?>
<coverage generated="1779986565514" clover="3.2.0">
  <project timestamp="1779986565515" name="All files">
    <metrics statements="1" coveredstatements="1" conditionals="0" coveredconditionals="0" methods="1" coveredmethods="1" elements="2" coveredelements="2" complexity="0" loc="1" ncloc="1" packages="1" files="1" classes="1"/>
    <file name="utils.js" path="C:\Users\agust\Documents\ticket-project-ic-unraf\frontend\src\lib\utils.js">
      <metrics statements="1" coveredstatements="1" conditionals="0" coveredconditionals="0" methods="1" coveredmethods="1"/>
      <line num="4" count="3" type="stmt"/>
    </file>
  </project>
</coverage>
