{"C:\\Users\\agust\\Documents\\ticket-project-ic-unraf\\frontend\\src\\lib\\utils.js": {"path":"C:\\Users\\agust\\Documents\\ticket-project-ic-unraf\\frontend\\src\\lib\\utils.js","statementMap":{"0":{"start":{"line":4,"column":4},"end":{"line":4,"column":null}}},"fnMap":{"0":{"name":"cn","decl":{"start":{"line":3,"column":16},"end":{"line":3,"column":18}},"loc":{"start":{"line":3,"column":30},"end":{"line":5,"column":null}},"line":3}},"branchMap":{},"s":{"0":3},"f":{"0":3},"b":{},"meta":{"lastBranch":0,"lastFunction":1,"lastStatement":1,"seen":{"f:3:16:3:18":0,"s:4:4:4:Infinity":0}}}
}
